<?xml version="1.0" encoding="UTF-8"?>
<!-- Generated by org.testng.reporters.JUnitReportReporter -->
<testsuite skipped="0" hostname="INC02RD37CG8WP" name="Account" tests="1" failures="0" timestamp="16 Mar 2018 10:31:36 GMT" time="2.670" errors="0">
  <testcase name="testAccount" time="2.670" classname="Account"/>
</testsuite> <!-- Account -->
